<?xml version="1.0" encoding="UTF-8"?>
<!-- Generated by org.testng.reporters.JUnitXMLReporter -->
<testsuite ignored="1" hostname="TYSS-Chaithra" failures="1" tests="1" name="Test(failed)" time="34.543" errors="0" timestamp="2023-04-04T11:48:13 IST">
  <testcase classname="vtiger.Organization.Tests.CreateOrganizationTest" name="createOrgTest" time="13.169">
    <failure type="java.lang.AssertionError" message="null">
      <![CDATA[java.lang.AssertionError: null
at vtiger.Organization.Tests.CreateOrganizationTest.createOrgTest(CreateOrganizationTest.java:47)
at java.base/java.util.ArrayList.forEach(ArrayList.java:1541)
... Removed 29 stack frames]]>
    </failure>
  </testcase> <!-- createOrgTest -->
  <testcase classname="vtiger.Organization.Tests.CreateOrganizationTest" name="demo" time="0.0">
    <ignored/>
  </testcase> <!-- demo -->
</testsuite> <!-- Test(failed) -->
